\BOOKMARK [1][-]{tableofcontents.1}{\315ndice general}{}% 1
\BOOKMARK [1][-]{Variables.1}{Variables}{}% 2
\BOOKMARK [1][-]{Procedimientos.1}{Procedimientos}{}% 3
\BOOKMARK [0][]{chapter.1}{1 Acople est\341tico}{}% 4
\BOOKMARK [1][-]{section.1.1}{1.1 C\341lculo inicial de las secciones eficaces}{chapter.1}% 5
\BOOKMARK [1][-]{section.1.2}{1.2 Modificaci\363n de Secciones Eficaces seg\372n Par\341metros Neutr\363nico-Termohidr\341ulicos}{chapter.1}% 6
\BOOKMARK [2][-]{subsection.1.2.1}{1.2.1 Modificaci\363n por concentraci\363n de Xen\363n}{section.1.2}% 7
\BOOKMARK [2][-]{subsection.1.2.2}{1.2.2 Modificaci\363n por concentraci\363n de Samario}{section.1.2}% 8
\BOOKMARK [2][-]{subsection.1.2.3}{1.2.3 Modificaci\363n por Par\341metros Termohidr\341ulicos}{section.1.2}% 9
\BOOKMARK [1][-]{section.1.3}{1.3 C\341lculo del Flujo Neutr\363nico}{chapter.1}% 10
\BOOKMARK [1][-]{section.1.4}{1.4 C\341lculo de los Par\341metros Neutr\363nico - Termohidr\341ulicos}{chapter.1}% 11
\BOOKMARK [2][-]{subsection.1.4.1}{1.4.1 C\341lculo de la distribuci\363n de concentraci\363n de Xen\363n}{section.1.4}% 12
\BOOKMARK [2][-]{subsection.1.4.2}{1.4.2 C\341lculo de la distribuci\363n de la concentraci\363n de Samario}{section.1.4}% 13
\BOOKMARK [2][-]{subsection.1.4.3}{1.4.3 C\341lculo de la distribuci\363n de los par\341metros termohidr\341ulicos}{section.1.4}% 14
\BOOKMARK [1][-]{section.1.5}{1.5 Organization}{chapter.1}% 15
\BOOKMARK [1][-]{section.1.6}{1.6 Style Options}{chapter.1}% 16
\BOOKMARK [1][-]{section.1.7}{1.7 Customization}{chapter.1}% 17
\BOOKMARK [1][-]{section.1.8}{1.8 Issues}{chapter.1}% 18
\BOOKMARK [1][-]{section.1.9}{1.9 Future Work}{chapter.1}% 19
\BOOKMARK [1][-]{section.1.10}{1.10 Beyond a Thesis}{chapter.1}% 20
\BOOKMARK [1][-]{section.1.11}{1.11 License}{chapter.1}% 21
